# JRE version: OpenJDK Runtime Environment (11.0.4+11) (build 11.0.4+11-post-Ubuntu-1ubuntu218.04.3)
# Java VM: OpenJDK 64-Bit Server VM (11.0.4+11-post-Ubuntu-1ubuntu218.04.3, mixed mode, sharing, tiered, compressed oops, g1 gc, linux-amd64)
Heap:
 garbage-first heap   total 236544K, used 125808K [0x00000000b5000000, 0x0000000100000000)
  region size 1024K, 100 young (102400K), 1 survivors (1024K)
 Metaspace       used 30974K, capacity 31828K, committed 31920K, reserved 1077248K
  class space    used 3373K, capacity 3738K, committed 3760K, reserved 1048576K
GC Heap History (10 events):
Event: 59,748 GC heap before
{Heap before GC invocations=60 (full 0):
 garbage-first heap   total 236544K, used 165430K [0x00000000b5000000, 0x0000000100000000)
  region size 1024K, 138 young (141312K), 1 survivors (1024K)
 Metaspace       used 30971K, capacity 31828K, committed 31920K, reserved 1077248K
  class space    used 3373K, capacity 3738K, committed 3760K, reserved 1048576K
}
Event: 59,751 GC heap after
{Heap after GC invocations=61 (full 0):
 garbage-first heap   total 236544K, used 25216K [0x00000000b5000000, 0x0000000100000000)
  region size 1024K, 1 young (1024K), 1 survivors (1024K)
 Metaspace       used 30971K, capacity 31828K, committed 31920K, reserved 1077248K
  class space    used 3373K, capacity 3738K, committed 3760K, reserved 1048576K
}
Event: 60,050 GC heap before
{Heap before GC invocations=61 (full 0):
 garbage-first heap   total 236544K, used 165504K [0x00000000b5000000, 0x0000000100000000)
  region size 1024K, 138 young (141312K), 1 survivors (1024K)
 Metaspace       used 30971K, capacity 31828K, committed 31920K, reserved 1077248K
  class space    used 3373K, capacity 3738K, committed 3760K, reserved 1048576K
}
Event: 60,052 GC heap after
{Heap after GC invocations=62 (full 0):
 garbage-first heap   total 236544K, used 25188K [0x00000000b5000000, 0x0000000100000000)
  region size 1024K, 1 young (1024K), 1 survivors (1024K)
 Metaspace       used 30971K, capacity 31828K, committed 31920K, reserved 1077248K
  class space    used 3373K, capacity 3738K, committed 3760K, reserved 1048576K
}
Event: 60,341 GC heap before
{Heap before GC invocations=62 (full 0):
 garbage-first heap   total 236544K, used 165476K [0x00000000b5000000, 0x0000000100000000)
  region size 1024K, 138 young (141312K), 1 survivors (1024K)
 Metaspace       used 30974K, capacity 31828K, committed 31920K, reserved 1077248K
  class space    used 3373K, capacity 3738K, committed 3760K, reserved 1048576K
}
Event: 60,344 GC heap after
{Heap after GC invocations=63 (full 0):
 garbage-first heap   total 236544K, used 25249K [0x00000000b5000000, 0x0000000100000000)
  region size 1024K, 1 young (1024K), 1 survivors (1024K)
 Metaspace       used 30974K, capacity 31828K, committed 31920K, reserved 1077248K
  class space    used 3373K, capacity 3738K, committed 3760K, reserved 1048576K
}
Event: 60,664 GC heap before
{Heap before GC invocations=63 (full 0):
 garbage-first heap   total 236544K, used 165537K [0x00000000b5000000, 0x0000000100000000)
  region size 1024K, 138 young (141312K), 1 survivors (1024K)
 Metaspace       used 30974K, capacity 31828K, committed 31920K, reserved 1077248K
  class space    used 3373K, capacity 3738K, committed 3760K, reserved 1048576K
}
Event: 60,666 GC heap after
{Heap after GC invocations=64 (full 0):
 garbage-first heap   total 236544K, used 25333K [0x00000000b5000000, 0x0000000100000000)
  region size 1024K, 1 young (1024K), 1 survivors (1024K)
 Metaspace       used 30974K, capacity 31828K, committed 31920K, reserved 1077248K
  class space    used 3373K, capacity 3738K, committed 3760K, reserved 1048576K
}
Event: 60,995 GC heap before
{Heap before GC invocations=64 (full 0):
 garbage-first heap   total 236544K, used 165621K [0x00000000b5000000, 0x0000000100000000)
  region size 1024K, 138 young (141312K), 1 survivors (1024K)
 Metaspace       used 30974K, capacity 31828K, committed 31920K, reserved 1077248K
  class space    used 3373K, capacity 3738K, committed 3760K, reserved 1048576K
}
Event: 60,998 GC heap after
{Heap after GC invocations=65 (full 0):
 garbage-first heap   total 236544K, used 25456K [0x00000000b5000000, 0x0000000100000000)
  region size 1024K, 1 young (1024K), 1 survivors (1024K)
 Metaspace       used 30974K, capacity 31828K, committed 31920K, reserved 1077248K
  class space    used 3373K, capacity 3738K, committed 3760K, reserved 1048576K
}

